# JRE version: Java(TM) SE Runtime Environment (11.0.2+9) (build 11.0.2+9-LTS)
# Java VM: Java HotSpot(TM) 64-Bit Server VM (11.0.2+9-LTS, mixed mode, tiered, compressed oops, g1 gc, windows-amd64)
Heap:
 garbage-first heap   total 302080K, used 295936K [0x00000000c0000000, 0x0000000100000000)
  region size 1024K, 13 young (13312K), 2 survivors (2048K)
 Metaspace       used 15589K, capacity 15936K, committed 16128K, reserved 1062912K
  class space    used 2034K, capacity 2192K, committed 2304K, reserved 1048576K
GC Heap History (10 events):
Event: 30.255 GC heap before
{Heap before GC invocations=30 (full 0):
 garbage-first heap   total 302080K, used 241664K [0x00000000c0000000, 0x0000000100000000)
  region size 1024K, 27 young (27648K), 6 survivors (6144K)
 Metaspace       used 15577K, capacity 15936K, committed 16128K, reserved 1062912K
  class space    used 2033K, capacity 2192K, committed 2304K, reserved 1048576K
}
Event: 30.284 GC heap after
{Heap after GC invocations=31 (full 0):
 garbage-first heap   total 302080K, used 235520K [0x00000000c0000000, 0x0000000100000000)
  region size 1024K, 4 young (4096K), 4 survivors (4096K)
 Metaspace       used 15577K, capacity 15936K, committed 16128K, reserved 1062912K
  class space    used 2033K, capacity 2192K, committed 2304K, reserved 1048576K
}
Event: 30.351 GC heap before
{Heap before GC invocations=31 (full 0):
 garbage-first heap   total 302080K, used 249856K [0x00000000c0000000, 0x0000000100000000)
  region size 1024K, 18 young (18432K), 4 survivors (4096K)
 Metaspace       used 15577K, capacity 15936K, committed 16128K, reserved 1062912K
  class space    used 2033K, capacity 2192K, committed 2304K, reserved 1048576K
}
Event: 30.372 GC heap after
{Heap after GC invocations=32 (full 0):
 garbage-first heap   total 302080K, used 246272K [0x00000000c0000000, 0x0000000100000000)
  region size 1024K, 3 young (3072K), 3 survivors (3072K)
 Metaspace       used 15577K, capacity 15936K, committed 16128K, reserved 1062912K
  class space    used 2033K, capacity 2192K, committed 2304K, reserved 1048576K
}
Event: 30.426 GC heap before
{Heap before GC invocations=32 (full 0):
 garbage-first heap   total 302080K, used 257536K [0x00000000c0000000, 0x0000000100000000)
  region size 1024K, 14 young (14336K), 3 survivors (3072K)
 Metaspace       used 15577K, capacity 15936K, committed 16128K, reserved 1062912K
  class space    used 2033K, capacity 2192K, committed 2304K, reserved 1048576K
}
Event: 30.441 GC heap after
{Heap after GC invocations=33 (full 0):
 garbage-first heap   total 302080K, used 254464K [0x00000000c0000000, 0x0000000100000000)
  region size 1024K, 2 young (2048K), 2 survivors (2048K)
 Metaspace       used 15577K, capacity 15936K, committed 16128K, reserved 1062912K
  class space    used 2033K, capacity 2192K, committed 2304K, reserved 1048576K
}
Event: 30.495 GC heap before
{Heap before GC invocations=33 (full 0):
 garbage-first heap   total 302080K, used 265728K [0x00000000c0000000, 0x0000000100000000)
  region size 1024K, 14 young (14336K), 2 survivors (2048K)
 Metaspace       used 15577K, capacity 15936K, committed 16128K, reserved 1062912K
  class space    used 2033K, capacity 2192K, committed 2304K, reserved 1048576K
}
Event: 30.508 GC heap after
{Heap after GC invocations=34 (full 0):
 garbage-first heap   total 302080K, used 263112K [0x00000000c0000000, 0x0000000100000000)
  region size 1024K, 2 young (2048K), 2 survivors (2048K)
 Metaspace       used 15577K, capacity 15936K, committed 16128K, reserved 1062912K
  class space    used 2033K, capacity 2192K, committed 2304K, reserved 1048576K
}
Event: 30.576 GC heap before
{Heap before GC invocations=34 (full 0):
 garbage-first heap   total 302080K, used 289736K [0x00000000c0000000, 0x0000000100000000)
  region size 1024K, 14 young (14336K), 2 survivors (2048K)
 Metaspace       used 15577K, capacity 15936K, committed 16128K, reserved 1062912K
  class space    used 2033K, capacity 2192K, committed 2304K, reserved 1048576K
}
Event: 30.590 GC heap after
{Heap after GC invocations=35 (full 0):
 garbage-first heap   total 302080K, used 285696K [0x00000000c0000000, 0x0000000100000000)
  region size 1024K, 2 young (2048K), 2 survivors (2048K)
 Metaspace       used 15577K, capacity 15936K, committed 16128K, reserved 1062912K
  class space    used 2033K, capacity 2192K, committed 2304K, reserved 1048576K
}

